2026-03-06 09:48:23,566 | INFO | Iniciando processo ETL...
2026-03-06 09:48:50,282 | INFO | Iniciando processo ETL...
2026-03-06 09:53:44,147 | INFO | Iniciando processo ETL...
2026-03-06 09:53:44,442 | INFO | Passo 2: Transformando e integrando dados...
2026-03-06 09:55:09,606 | INFO | Iniciando processo ETL...
2026-03-06 09:55:09,891 | INFO | Passo 2: Transformando e integrando dados...
2026-03-06 09:59:39,610 | INFO | Iniciando processo ETL...
2026-03-06 09:59:39,911 | INFO | Passo 2: Transformando e integrando dados...
2026-03-06 10:03:39,754 | INFO | Iniciando processo ETL...
2026-03-06 10:03:40,048 | INFO | Passo 2: Transformando e integrando dados...
2026-03-06 10:08:33,387 | INFO | Iniciando processo ETL...
2026-03-06 10:08:33,686 | INFO | Passo 2: Transformando e integrando dados...
2026-03-06 10:21:08,062 | INFO | Iniciando processo ETL...
2026-03-06 10:24:40,932 | INFO | Iniciando processo ETL...
2026-03-06 10:25:22,476 | INFO | Iniciando processo ETL...
2026-03-06 10:26:04,213 | INFO | Iniciando processo ETL...
2026-03-06 10:34:28,442 | INFO | Iniciando processo ETL...
2026-03-06 10:36:01,572 | INFO | Iniciando processo ETL...
2026-03-06 10:36:48,246 | INFO | Iniciando processo ETL...
2026-03-06 10:37:12,083 | INFO | Iniciando processo ETL...
2026-03-06 10:37:52,566 | INFO | Iniciando processo ETL...
2026-03-06 10:38:42,288 | INFO | Iniciando processo ETL...
2026-03-06 10:40:36,542 | INFO | Iniciando processo ETL...
2026-03-07 10:34:30,806 | INFO | Iniciando processo ETL...
2026-03-07 10:37:18,370 | INFO | Iniciando processo ETL...
2026-03-07 10:37:46,807 | INFO | Iniciando processo ETL...
2026-03-07 10:47:21,857 | INFO | Iniciando processo ETL...
2026-03-07 10:48:24,305 | INFO | --- INICIANDO PIPELINE DE DADOS ---
2026-03-07 10:49:11,123 | INFO | --- INICIANDO PIPELINE DE DADOS ---
2026-03-07 10:49:56,795 | INFO | --- INICIANDO PIPELINE DE DADOS ---
2026-03-07 10:50:51,899 | INFO | --- INICIANDO PIPELINE DE DADOS ---
2026-03-07 10:50:51,925 | INFO | Passo 1: Extraindo dados de CSV e API...
2026-03-07 10:50:52,356 | INFO | Passo 2: Transformando e integrando dados...
2026-03-07 10:51:50,000 | INFO | --- INICIANDO PIPELINE DE DADOS ---
2026-03-07 10:51:50,027 | INFO | Passo 1: Extraindo dados de CSV e API...
2026-03-07 10:51:50,466 | INFO | Passo 2: Transformando e integrando dados...
2026-03-07 10:51:50,491 | ERROR | Falha na integração: O DataFrame final está vazio (IDs não coincidem).
2026-03-07 11:02:30,870 | INFO | --- INICIANDO PIPELINE DE DADOS ---
2026-03-07 11:02:30,897 | INFO | Passo 1: Extraindo dados de CSV e API...
2026-03-07 11:02:31,337 | INFO | Passo 2: Transformando e integrando dados...
2026-03-07 11:02:31,362 | ERROR | Falha na integração: O DataFrame final está vazio (IDs não coincidem).
2026-03-07 11:04:01,682 | INFO | --- INICIANDO PIPELINE DE DADOS ---
2026-03-07 11:04:01,708 | INFO | Passo 1: Extraindo dados de CSV e API...
2026-03-07 11:04:02,183 | INFO | Passo 2: Transformando e integrando dados...
2026-03-07 11:04:02,218 | INFO | Sucesso! Dataset final gerado com 5000 linhas.
2026-03-07 11:04:02,218 | INFO | Passo 3: Carregando dados no banco de dados...
2026-03-07 11:04:02,221 | INFO | --- PIPELINE FINALIZADO COM SUCESSO ---
2026-03-07 11:09:07,917 | INFO | --- INICIANDO PIPELINE DE DADOS ---
2026-03-07 11:09:07,942 | INFO | Passo 1: Extraindo dados de CSV e API...
2026-03-07 11:09:08,381 | INFO | Passo 2: Transformando e integrando dados...
2026-03-07 11:09:08,422 | INFO | Sucesso! Dataset final gerado com 5000 linhas.
2026-03-07 11:09:08,422 | INFO | Passo 3: Carregando dados no banco de dados...
2026-03-07 11:09:08,424 | INFO | --- PIPELINE FINALIZADO COM SUCESSO ---
2026-03-07 11:11:11,876 | INFO | --- INICIANDO PIPELINE DE DADOS ---
2026-03-07 11:11:11,904 | INFO | Passo 1: Extraindo dados de CSV e API...
2026-03-07 11:11:12,349 | INFO | Passo 2: Transformando e integrando dados...
2026-03-07 11:11:12,389 | INFO | Sucesso! Dataset final gerado com 5000 linhas.
2026-03-07 11:11:12,389 | INFO | Passo 3: Carregando dados no banco de dados...
2026-03-07 11:11:12,390 | INFO | --- PIPELINE FINALIZADO COM SUCESSO ---
2026-03-07 11:14:32,130 | INFO | --- INICIANDO PIPELINE DE DADOS ---
2026-03-07 11:14:32,157 | INFO | Passo 1: Extraindo dados de CSV e API...
2026-03-07 11:14:32,590 | INFO | Passo 2: Transformando e integrando dados...
2026-03-07 11:14:32,626 | INFO | Sucesso! Dataset final gerado com 5000 linhas.
2026-03-07 11:14:32,626 | INFO | Passo 3: Carregando dados no banco de dados...
2026-03-07 11:14:32,634 | INFO | --- PIPELINE FINALIZADO COM SUCESSO ---
2026-03-07 11:17:54,255 | INFO | --- INICIANDO PIPELINE DE DADOS ---
2026-03-07 11:17:54,280 | INFO | Passo 1: Extraindo dados de CSV e API...
2026-03-07 11:17:54,744 | INFO | Passo 2: Transformando e integrando dados...
2026-03-07 11:17:54,778 | INFO | Sucesso! Dataset final gerado com 5000 linhas.
2026-03-07 11:17:54,778 | INFO | Passo 3: Carregando dados no banco de dados...
2026-03-07 11:17:54,780 | INFO | --- PIPELINE FINALIZADO COM SUCESSO ---
2026-03-07 11:18:20,246 | INFO | --- INICIANDO PIPELINE DE DADOS ---
2026-03-07 11:18:20,271 | INFO | Passo 1: Extraindo dados de CSV e API...
2026-03-07 11:18:20,715 | INFO | Passo 2: Transformando e integrando dados...
2026-03-07 11:18:20,752 | INFO | Sucesso! Dataset final gerado com 5000 linhas.
2026-03-07 11:18:20,752 | INFO | Passo 3: Carregando dados no banco de dados...
2026-03-07 11:18:21,187 | INFO | --- PIPELINE FINALIZADO COM SUCESSO ---
